build 3/cached_video_player/intermediates/manifest_merge_blame_file/debug/manifest-merger-blame-debug-report.txt
1<?xml version="1.0" encoding="utf-8"?>
2<manifest xmlns:android="http://schemas.android.com/apk/res/android"
3    package="com.lazyarts.vikram.cached_video_player" >
4
5    <uses-sdk
6        android:minSdkVersion="16"
6-->src/main/AndroidManifest.xml
7        android:targetSdkVersion="16" />
7-->src/main/AndroidManifest.xml
8
9</manifest>